
> retirement-simulator@0.1.0 build /home/wrichter/projects/retirement-simulator
> next build --turbopack

   ▲ Next.js 16.0.1 (Turbopack)

   Creating an optimized production build ...

> Build error occurred
Error: Turbopack build failed with 3 errors:
./src/navigation.ts:1:1
Export createSharedPathnamesNavigation doesn't exist in target module
[0m[31m[1m>[22m[39m[90m 1 |[39m [36mimport[39m { createSharedPathnamesNavigation } [36mfrom[39m [32m'next-intl/navigation'[39m
 [90m   |[39m [31m[1m^[22m[39m[31m[1m^[22m[39m[31m[1m^[22m[39m[31m[1m^[22m[39m[31m[1m^[22m[39m[31m[1m^[22m[39m[31m[1m^[22m[39m[31m[1m^[22m[39m[31m[1m^[22m[39m[31m[1m^[22m[39m[31m[1m^[22m[39m[31m[1m^[22m[39m[31m[1m^[22m[39m[31m[1m^[22m[39m[31m[1m^[22m[39m[31m[1m^[22m[39m[31m[1m^[22m[39m[31m[1m^[22m[39m[31m[1m^[22m[39m[31m[1m^[22m[39m[31m[1m^[22m[39m[31m[1m^[22m[39m[31m[1m^[22m[39m[31m[1m^[22m[39m[31m[1m^[22m[39m[31m[1m^[22m[39m[31m[1m^[22m[39m[31m[1m^[22m[39m[31m[1m^[22m[39m[31m[1m^[22m[39m[31m[1m^[22m[39m[31m[1m^[22m[39m[31m[1m^[22m[39m[31m[1m^[22m[39m[31m[1m^[22m[39m[31m[1m^[22m[39m[31m[1m^[22m[39m[31m[1m^[22m[39m[31m[1m^[22m[39m[31m[1m^[22m[39m[31m[1m^[22m[39m[31m[1m^[22m[39m[31m[1m^[22m[39m[31m[1m^[22m[39m[31m[1m^[22m[39m[31m[1m^[22m[39m[31m[1m^[22m[39m[31m[1m^[22m[39m[31m[1m^[22m[39m[31m[1m^[22m[39m[31m[1m^[22m[39m[31m[1m^[22m[39m[31m[1m^[22m[39m[31m[1m^[22m[39m[31m[1m^[22m[39m[31m[1m^[22m[39m[31m[1m^[22m[39m[31m[1m^[22m[39m[31m[1m^[22m[39m[31m[1m^[22m[39m[31m[1m^[22m[39m[31m[1m^[22m[39m[31m[1m^[22m[39m[31m[1m^[22m[39m[31m[1m^[22m[39m[31m[1m^[22m[39m[31m[1m^[22m[39m[31m[1m^[22m[39m[31m[1m^[22m[39m[31m[1m^[22m[39m
 [90m 2 |[39m [36mimport[39m { localePrefix[33m,[39m locales } [36mfrom[39m [32m'@/i18n/config'[39m
 [90m 3 |[39m
 [90m 4 |[39m [36mexport[39m [36mconst[39m { [33mLink[39m[33m,[39m redirect[33m,[39m useRouter[33m,[39m usePathname } [33m=[39m[0m

The export createSharedPathnamesNavigation was not found in module [project]/node_modules/.pnpm/next-intl@4.4.0_next@16.0.1_@babel+core@7.28.5_@playwright+test@1.56.1_react-dom@19.2.0_332c96e6974fe477f66b6a054183b0d5/node_modules/next-intl/dist/esm/production/navigation.react-client.js [app-client] (ecmascript).
Did you mean to import createNavigation?
All exports of the module are statically known (It doesn't have dynamic exports). So it's known statically that the requested export doesn't exist.

Import traces:
  Client Component Browser:
    ./src/navigation.ts [Client Component Browser]
    ./src/app/[locale]/setup/page.tsx [Client Component Browser]
    ./src/app/[locale]/setup/page.tsx [Server Component]

  Client Component SSR:
    ./src/navigation.ts [Client Component SSR]
    ./src/app/[locale]/setup/page.tsx [Client Component SSR]
    ./src/app/[locale]/setup/page.tsx [Server Component]


./src/navigation.ts:1:1
Export createSharedPathnamesNavigation doesn't exist in target module
[0m[31m[1m>[22m[39m[90m 1 |[39m [36mimport[39m { createSharedPathnamesNavigation } [36mfrom[39m [32m'next-intl/navigation'[39m
 [90m   |[39m [31m[1m^[22m[39m[31m[1m^[22m[39m[31m[1m^[22m[39m[31m[1m^[22m[39m[31m[1m^[22m[39m[31m[1m^[22m[39m[31m[1m^[22m[39m[31m[1m^[22m[39m[31m[1m^[22m[39m[31m[1m^[22m[39m[31m[1m^[22m[39m[31m[1m^[22m[39m[31m[1m^[22m[39m[31m[1m^[22m[39m[31m[1m^[22m[39m[31m[1m^[22m[39m[31m[1m^[22m[39m[31m[1m^[22m[39m[31m[1m^[22m[39m[31m[1m^[22m[39m[31m[1m^[22m[39m[31m[1m^[22m[39m[31m[1m^[22m[39m[31m[1m^[22m[39m[31m[1m^[22m[39m[31m[1m^[22m[39m[31m[1m^[22m[39m[31m[1m^[22m[39m[31m[1m^[22m[39m[31m[1m^[22m[39m[31m[1m^[22m[39m[31m[1m^[22m[39m[31m[1m^[22m[39m[31m[1m^[22m[39m[31m[1m^[22m[39m[31m[1m^[22m[39m[31m[1m^[22m[39m[31m[1m^[22m[39m[31m[1m^[22m[39m[31m[1m^[22m[39m[31m[1m^[22m[39m[31m[1m^[22m[39m[31m[1m^[22m[39m[31m[1m^[22m[39m[31m[1m^[22m[39m[31m[1m^[22m[39m[31m[1m^[22m[39m[31m[1m^[22m[39m[31m[1m^[22m[39m[31m[1m^[22m[39m[31m[1m^[22m[39m[31m[1m^[22m[39m[31m[1m^[22m[39m[31m[1m^[22m[39m[31m[1m^[22m[39m[31m[1m^[22m[39m[31m[1m^[22m[39m[31m[1m^[22m[39m[31m[1m^[22m[39m[31m[1m^[22m[39m[31m[1m^[22m[39m[31m[1m^[22m[39m[31m[1m^[22m[39m[31m[1m^[22m[39m[31m[1m^[22m[39m[31m[1m^[22m[39m[31m[1m^[22m[39m[31m[1m^[22m[39m[31m[1m^[22m[39m[31m[1m^[22m[39m
 [90m 2 |[39m [36mimport[39m { localePrefix[33m,[39m locales } [36mfrom[39m [32m'@/i18n/config'[39m
 [90m 3 |[39m
 [90m 4 |[39m [36mexport[39m [36mconst[39m { [33mLink[39m[33m,[39m redirect[33m,[39m useRouter[33m,[39m usePathname } [33m=[39m[0m

The export createSharedPathnamesNavigation was not found in module [project]/node_modules/.pnpm/next-intl@4.4.0_next@16.0.1_@babel+core@7.28.5_@playwright+test@1.56.1_react-dom@19.2.0_332c96e6974fe477f66b6a054183b0d5/node_modules/next-intl/dist/esm/production/navigation.react-client.js [app-ssr] (ecmascript).
Did you mean to import createNavigation?
All exports of the module are statically known (It doesn't have dynamic exports). So it's known statically that the requested export doesn't exist.

Import traces:
  Client Component Browser:
    ./src/navigation.ts [Client Component Browser]
    ./src/app/[locale]/setup/page.tsx [Client Component Browser]
    ./src/app/[locale]/setup/page.tsx [Server Component]

  Client Component SSR:
    ./src/navigation.ts [Client Component SSR]
    ./src/app/[locale]/setup/page.tsx [Client Component SSR]
    ./src/app/[locale]/setup/page.tsx [Server Component]


./src/app/[locale]/layout.tsx:4:1
Export unstable_setRequestLocale doesn't exist in target module
[0m [90m 2 |[39m [36mimport[39m { notFound } [36mfrom[39m [32m'next/navigation'[39m
 [90m 3 |[39m [36mimport[39m { [33mNextIntlClientProvider[39m } [36mfrom[39m [32m'next-intl'[39m
[31m[1m>[22m[39m[90m 4 |[39m [36mimport[39m { getMessages[33m,[39m unstable_setRequestLocale } [36mfrom[39m [32m'next-intl/server'[39m
 [90m   |[39m [31m[1m^[22m[39m[31m[1m^[22m[39m[31m[1m^[22m[39m[31m[1m^[22m[39m[31m[1m^[22m[39m[31m[1m^[22m[39m[31m[1m^[22m[39m[31m[1m^[22m[39m[31m[1m^[22m[39m[31m[1m^[22m[39m[31m[1m^[22m[39m[31m[1m^[22m[39m[31m[1m^[22m[39m[31m[1m^[22m[39m[31m[1m^[22m[39m[31m[1m^[22m[39m[31m[1m^[22m[39m[31m[1m^[22m[39m[31m[1m^[22m[39m[31m[1m^[22m[39m[31m[1m^[22m[39m[31m[1m^[22m[39m[31m[1m^[22m[39m[31m[1m^[22m[39m[31m[1m^[22m[39m[31m[1m^[22m[39m[31m[1m^[22m[39m[31m[1m^[22m[39m[31m[1m^[22m[39m[31m[1m^[22m[39m[31m[1m^[22m[39m[31m[1m^[22m[39m[31m[1m^[22m[39m[31m[1m^[22m[39m[31m[1m^[22m[39m[31m[1m^[22m[39m[31m[1m^[22m[39m[31m[1m^[22m[39m[31m[1m^[22m[39m[31m[1m^[22m[39m[31m[1m^[22m[39m[31m[1m^[22m[39m[31m[1m^[22m[39m[31m[1m^[22m[39m[31m[1m^[22m[39m[31m[1m^[22m[39m[31m[1m^[22m[39m[31m[1m^[22m[39m[31m[1m^[22m[39m[31m[1m^[22m[39m[31m[1m^[22m[39m[31m[1m^[22m[39m[31m[1m^[22m[39m[31m[1m^[22m[39m[31m[1m^[22m[39m[31m[1m^[22m[39m[31m[1m^[22m[39m[31m[1m^[22m[39m[31m[1m^[22m[39m[31m[1m^[22m[39m[31m[1m^[22m[39m[31m[1m^[22m[39m[31m[1m^[22m[39m[31m[1m^[22m[39m[31m[1m^[22m[39m[31m[1m^[22m[39m[31m[1m^[22m[39m[31m[1m^[22m[39m[31m[1m^[22m[39m[31m[1m^[22m[39m[31m[1m^[22m[39m[31m[1m^[22m[39m[31m[1m^[22m[39m
 [90m 5 |[39m [36mimport[39m { [33mAnalytics[39m } [36mfrom[39m [32m'@vercel/analytics/next'[39m
 [90m 6 |[39m [36mimport[39m { [33mToastProvider[39m } [36mfrom[39m [32m'@/components/ui/toast'[39m
 [90m 7 |[39m [36mimport[39m { [33mSkipLinks[39m } [36mfrom[39m [32m'@/components/navigation/SkipLinks'[39m[0m

The export unstable_setRequestLocale was not found in module [project]/node_modules/.pnpm/next-intl@4.4.0_next@16.0.1_@babel+core@7.28.5_@playwright+test@1.56.1_react-dom@19.2.0_332c96e6974fe477f66b6a054183b0d5/node_modules/next-intl/dist/esm/production/server.react-server.js [app-rsc] (ecmascript).
Did you mean to import setRequestLocale?
All exports of the module are statically known (It doesn't have dynamic exports). So it's known statically that the requested export doesn't exist.


    at <unknown> (./src/navigation.ts:1:1)
    at <unknown> (./src/navigation.ts:1:1)
    at <unknown> (./src/app/[locale]/layout.tsx:4:1)
 ELIFECYCLE  Command failed with exit code 1.
